<?xml version="1.0" encoding="UTF-8"?>
<!-- Generated by org.testng.reporters.JUnitXMLReporter -->
<testsuite ignored="0" hostname="PariArohi" failures="0" tests="2" name="Test" time="0.274" errors="0" timestamp="2023-10-24T13:03:16 IST">
  <testcase classname="setup.SetUp" name="@BeforeMethod openBrowser" time="-1.698132796122E9">
    <failure type="org.testng.TestNGException" message="
Parameter &amp;apos;browser&amp;apos; is required by BeforeMethod on method openBrowser but has not been marked @Optional or defined
in C:\Users\Dell\eclipse-workspace\POMOrange\Test.xml">
      <![CDATA[org.testng.TestNGException: 
Parameter 'browser' is required by BeforeMethod on method openBrowser but has not been marked @Optional or defined
in C:\Users\Dell\eclipse-workspace\POMOrange\Test.xml
at java.base/java.util.ArrayList.forEach(ArrayList.java:1511)
... Removed 28 stack frames]]>
    </failure>
  </testcase> <!-- @BeforeMethod openBrowser -->
  <testcase classname="setup.SetUp" name="@AfterMethod closeBrowser" time="-1.698132796256E9">
    <skipped/>
  </testcase> <!-- @AfterMethod closeBrowser -->
  <testcase classname="setup.SetUp" name="@BeforeMethod openBrowser" time="-1.69813279627E9">
    <skipped/>
  </testcase> <!-- @BeforeMethod openBrowser -->
  <testcase classname="setup.SetUp" name="@AfterMethod closeBrowser" time="-1.698132796307E9">
    <skipped/>
  </testcase> <!-- @AfterMethod closeBrowser -->
  <testcase classname="TestCases.LoginTest" name="loginInvalidePassword" time="0.0">
    <skipped/>
  </testcase> <!-- loginInvalidePassword -->
  <testcase classname="TestCases.LoginTest" name="loginValideData" time="0.0">
    <skipped/>
  </testcase> <!-- loginValideData -->
</testsuite> <!-- Test -->
